<?xml version="1.0" encoding="UTF-8"?>
<coverage generated="1641901702855" clover="3.2.0">
  <project timestamp="1641901702855" name="All files">
    <metrics statements="2" coveredstatements="2" conditionals="3" coveredconditionals="1" methods="1" coveredmethods="1" elements="6" coveredelements="4" complexity="0" loc="2" ncloc="2" packages="1" files="1" classes="1"/>
    <file name="Error404.tsx" path="/Users/zita/Desktop/POC_comps/poc-components/src/Error404.tsx">
      <metrics statements="2" coveredstatements="2" conditionals="3" coveredconditionals="1" methods="1" coveredmethods="1"/>
      <line num="20" count="1" type="stmt"/>
      <line num="26" count="1" type="stmt"/>
    </file>
  </project>
</coverage>
