{"/Users/zita/Desktop/POC_comps/poc-components/src/Error404.tsx": {"path":"/Users/zita/Desktop/POC_comps/poc-components/src/Error404.tsx","statementMap":{"0":{"start":{"line":20,"column":50},"end":{"line":38,"column":1}},"1":{"start":{"line":26,"column":2},"end":{"line":37,"column":15}}},"fnMap":{"0":{"name":"(anonymous_0)","decl":{"start":{"line":20,"column":50},"end":{"line":20,"column":51}},"loc":{"start":{"line":26,"column":2},"end":{"line":37,"column":15}},"line":26}},"branchMap":{"0":{"loc":{"start":{"line":36,"column":5},"end":{"line":36,"column":62}},"type":"binary-expr","locations":[{"start":{"line":36,"column":5},"end":{"line":36,"column":9}},{"start":{"line":36,"column":13},"end":{"line":36,"column":23}},{"start":{"line":36,"column":27},"end":{"line":36,"column":62}}],"line":36}},"s":{"0":1,"1":1},"f":{"0":1},"b":{"0":[1,0,0]},"_coverageSchema":"1a1c01bbd47fc00a2c39e90264f33305004495a9","hash":"770f888d43392e04df567bb7b916ee4b46980020"}
}
